<?xml version="1.0" encoding="UTF-8"?>
<testsuite xmlns:xsi="http://www.w3.org/2001/XMLSchema-instance" xsi:noNamespaceSchemaLocation="https://maven.apache.org/surefire/maven-surefire-plugin/xsd/surefire-test-report.xsd" version="3.0.2" name="tn.esprit.tpfoyer17.TpFoyer17ApplicationTests" time="10.131" tests="1" errors="0" skipped="0" failures="0">
  <properties>
[...]
</properties>
  <testcase name="contextLoads" classname="tn.esprit.tpfoyer17.TpFoyer17ApplicationTests" time="0.47">
    <system-out><![CDATA[09:25:41.334 [main] INFO org.springframework.test.context.support.AnnotationConfigContextLoaderUtils -- Could not detect default configuration classes for test class [tn.esprit.tpfoyer17.TpFoyer17ApplicationTests]: TpFoyer17ApplicationTests does not declare any static, non-private, non-final, nested classes annotated with @Configuration.
09:25:41.511 [main] INFO org.springframework.boot.test.context.SpringBootTestContextBootstrapper -- Found @SpringBootConfiguration tn.esprit.tpfoyer17.TpFoyer17Application for test class tn.esprit.tpfoyer17.TpFoyer17ApplicationTests
09:25:41.783 [main] INFO org.springframework.boot.devtools.restart.RestartApplicationListener -- Restart disabled due to context in which it is running

  .   ____          _            __ _ _
 /\\ / ___'_ __ _ _(_)_ __  __ _ \ \ \ \
( ( )\___ | '_ | '_| | '_ \/ _` | \ \ \ \
 \\/  ___)| |_)| | | | | || (_| |  ) ) ) )
  '  |____| .__|_| |_|_| |_\__, | / / / /
 =========|_|==============|___/=/_/_/_/

 :: Spring Boot ::                (v3.4.2)

2025-04-16T09:25:42.142+01:00  INFO 27552 --- [user-microservice] [           main] t.e.tpfoyer17.TpFoyer17ApplicationTests  : Starting TpFoyer17ApplicationTests using Java 21.0.3 with PID 27552 (started by tahan in C:\Users\tahan\OneDrive\Bureau\bismmillah\E-learning_website-main (4)\E-learning_website-main\backend\user-microservice)
2025-04-16T09:25:42.144+01:00  INFO 27552 --- [user-microservice] [           main] t.e.tpfoyer17.TpFoyer17ApplicationTests  : No active profile set, falling back to 1 default profile: "default"
2025-04-16T09:25:43.406+01:00  INFO 27552 --- [user-microservice] [           main] .s.d.r.c.RepositoryConfigurationDelegate : Bootstrapping Spring Data JPA repositories in DEFAULT mode.
2025-04-16T09:25:43.571+01:00  INFO 27552 --- [user-microservice] [           main] .s.d.r.c.RepositoryConfigurationDelegate : Finished Spring Data repository scanning in 150 ms. Found 1 JPA repository interface.
2025-04-16T09:25:43.997+01:00  INFO 27552 --- [user-microservice] [           main] o.s.cloud.context.scope.GenericScope     : BeanFactory id=91b60d2e-aceb-39e1-a1be-b1e568d2588e
2025-04-16T09:25:44.449+01:00  WARN 27552 --- [user-microservice] [           main] trationDelegate$BeanPostProcessorChecker : Bean 'org.springframework.cloud.client.loadbalancer.LoadBalancerAutoConfiguration$DeferringLoadBalancerInterceptorConfig' of type [org.springframework.cloud.client.loadbalancer.LoadBalancerAutoConfiguration$DeferringLoadBalancerInterceptorConfig] is not eligible for getting processed by all BeanPostProcessors (for example: not eligible for auto-proxying). The currently created BeanPostProcessor [lbRestClientPostProcessor] is declared through a non-static factory method on that class; consider declaring it as static instead.
2025-04-16T09:25:44.454+01:00  WARN 27552 --- [user-microservice] [           main] trationDelegate$BeanPostProcessorChecker : Bean 'deferringLoadBalancerInterceptor' of type [org.springframework.cloud.client.loadbalancer.DeferringLoadBalancerInterceptor] is not eligible for getting processed by all BeanPostProcessors (for example: not eligible for auto-proxying). Is this bean getting eagerly injected/applied to a currently created BeanPostProcessor [lbRestClientPostProcessor]? Check the corresponding BeanPostProcessor declaration and its dependencies/advisors. If this bean does not have to be post-processed, declare it with ROLE_INFRASTRUCTURE.
2025-04-16T09:25:44.774+01:00  INFO 27552 --- [user-microservice] [           main] o.hibernate.jpa.internal.util.LogHelper  : HHH000204: Processing PersistenceUnitInfo [name: default]
2025-04-16T09:25:44.930+01:00  INFO 27552 --- [user-microservice] [           main] org.hibernate.Version                    : HHH000412: Hibernate ORM core version 6.6.5.Final
2025-04-16T09:25:44.976+01:00  INFO 27552 --- [user-microservice] [           main] o.h.c.internal.RegionFactoryInitiator    : HHH000026: Second-level cache disabled
2025-04-16T09:25:45.319+01:00  INFO 27552 --- [user-microservice] [           main] o.s.o.j.p.SpringPersistenceUnitInfo      : No LoadTimeWeaver setup: ignoring JPA class transformer
2025-04-16T09:25:45.356+01:00  INFO 27552 --- [user-microservice] [           main] com.zaxxer.hikari.HikariDataSource       : HikariPool-1 - Starting...
2025-04-16T09:25:45.534+01:00  INFO 27552 --- [user-microservice] [           main] com.zaxxer.hikari.pool.HikariPool        : HikariPool-1 - Added connection com.mysql.cj.jdbc.ConnectionImpl@25dad235
2025-04-16T09:25:45.536+01:00  INFO 27552 --- [user-microservice] [           main] com.zaxxer.hikari.HikariDataSource       : HikariPool-1 - Start completed.
2025-04-16T09:25:45.586+01:00  WARN 27552 --- [user-microservice] [           main] org.hibernate.dialect.Dialect            : HHH000511: The 5.5.5 version for [org.hibernate.dialect.MySQLDialect] is no longer supported, hence certain features may not work properly. The minimum supported version is 8.0.0. Check the community dialects project for available legacy versions.
2025-04-16T09:25:45.611+01:00  INFO 27552 --- [user-microservice] [           main] org.hibernate.orm.connections.pooling    : HHH10001005: Database info:
	Database JDBC URL [Connecting through datasource 'HikariDataSource (HikariPool-1)']
	Database driver: undefined/unknown
	Database version: 5.5.5
	Autocommit mode: undefined/unknown
	Isolation level: undefined/unknown
	Minimum pool size: undefined/unknown
	Maximum pool size: undefined/unknown
2025-04-16T09:25:46.414+01:00  INFO 27552 --- [user-microservice] [           main] o.h.e.t.j.p.i.JtaPlatformInitiator       : HHH000489: No JTA platform available (set 'hibernate.transaction.jta.platform' to enable JTA platform integration)
2025-04-16T09:25:46.451+01:00  INFO 27552 --- [user-microservice] [           main] j.LocalContainerEntityManagerFactoryBean : Initialized JPA EntityManagerFactory for persistence unit 'default'
2025-04-16T09:25:47.434+01:00  INFO 27552 --- [user-microservice] [           main] r$InitializeUserDetailsManagerConfigurer : Global AuthenticationManager configured with UserDetailsService bean with name customUserDetailsService
2025-04-16T09:25:47.673+01:00  WARN 27552 --- [user-microservice] [           main] JpaBaseConfiguration$JpaWebConfiguration : spring.jpa.open-in-view is enabled by default. Therefore, database queries may be performed during view rendering. Explicitly configure spring.jpa.open-in-view to disable this warning
2025-04-16T09:25:49.889+01:00  INFO 27552 --- [user-microservice] [           main] DiscoveryClientOptionalArgsConfiguration : Eureka HTTP Client uses RestTemplate.
2025-04-16T09:25:50.002+01:00  WARN 27552 --- [user-microservice] [           main] iguration$LoadBalancerCaffeineWarnLogger : Spring Cloud LoadBalancer is currently working with the default cache. While this cache implementation is useful for development and tests, it's recommended to use Caffeine cache in production.You can switch to using Caffeine cache, by adding it and org.springframework.cache.caffeine.CaffeineCacheManager to the classpath.
2025-04-16T09:25:50.043+01:00  INFO 27552 --- [user-microservice] [           main] o.s.c.n.eureka.InstanceInfoFactory       : Setting initial instance status as: STARTING
2025-04-16T09:25:50.186+01:00  INFO 27552 --- [user-microservice] [           main] com.netflix.discovery.DiscoveryClient    : Initializing Eureka in region us-east-1
2025-04-16T09:25:50.192+01:00  INFO 27552 --- [user-microservice] [           main] c.n.d.s.r.aws.ConfigClusterResolver      : Resolving eureka endpoints via configuration
2025-04-16T09:25:50.221+01:00  INFO 27552 --- [user-microservice] [           main] com.netflix.discovery.DiscoveryClient    : Disable delta property : false
2025-04-16T09:25:50.221+01:00  INFO 27552 --- [user-microservice] [           main] com.netflix.discovery.DiscoveryClient    : Single vip registry refresh property : null
2025-04-16T09:25:50.222+01:00  INFO 27552 --- [user-microservice] [           main] com.netflix.discovery.DiscoveryClient    : Force full registry fetch : false
2025-04-16T09:25:50.222+01:00  INFO 27552 --- [user-microservice] [           main] com.netflix.discovery.DiscoveryClient    : Application is null : false
2025-04-16T09:25:50.222+01:00  INFO 27552 --- [user-microservice] [           main] com.netflix.discovery.DiscoveryClient    : Registered Applications size is zero : true
2025-04-16T09:25:50.222+01:00  INFO 27552 --- [user-microservice] [           main] com.netflix.discovery.DiscoveryClient    : Application version is -1: true
2025-04-16T09:25:50.222+01:00  INFO 27552 --- [user-microservice] [           main] com.netflix.discovery.DiscoveryClient    : Getting all instance registry info from the eureka server
2025-04-16T09:25:50.667+01:00  INFO 27552 --- [user-microservice] [           main] com.netflix.discovery.DiscoveryClient    : The response status is 200
2025-04-16T09:25:50.670+01:00  INFO 27552 --- [user-microservice] [           main] com.netflix.discovery.DiscoveryClient    : Starting heartbeat executor: renew interval is: 30
2025-04-16T09:25:50.673+01:00  INFO 27552 --- [user-microservice] [           main] c.n.discovery.InstanceInfoReplicator     : InstanceInfoReplicator onDemand update allowed rate per min is 4
2025-04-16T09:25:50.681+01:00  INFO 27552 --- [user-microservice] [           main] com.netflix.discovery.DiscoveryClient    : Discovery Client initialized at timestamp 1744791950679 with initial instances count: 4
2025-04-16T09:25:50.686+01:00  INFO 27552 --- [user-microservice] [           main] o.s.c.n.e.s.EurekaServiceRegistry        : Registering application USER-MICROSERVICE with eureka with status UP
2025-04-16T09:25:50.687+01:00  INFO 27552 --- [user-microservice] [           main] com.netflix.discovery.DiscoveryClient    : Saw local status change event StatusChangeEvent [timestamp=1744791950687, current=UP, previous=STARTING]
2025-04-16T09:25:50.690+01:00  INFO 27552 --- [user-microservice] [nfoReplicator-0] com.netflix.discovery.DiscoveryClient    : DiscoveryClient_USER-MICROSERVICE/Taha:user-microservice:8080: registering service...
2025-04-16T09:25:50.699+01:00  INFO 27552 --- [user-microservice] [           main] t.e.tpfoyer17.TpFoyer17ApplicationTests  : Started TpFoyer17ApplicationTests in 8.939 seconds (process running for 10.47)
2025-04-16T09:25:50.738+01:00  INFO 27552 --- [user-microservice] [nfoReplicator-0] com.netflix.discovery.DiscoveryClient    : DiscoveryClient_USER-MICROSERVICE/Taha:user-microservice:8080 - registration status: 204
]]></system-out>
    <system-err><![CDATA[Mockito is currently self-attaching to enable the inline-mock-maker. This will no longer work in future releases of the JDK. Please add Mockito as an agent to your build what is described in Mockito's documentation: https://javadoc.io/doc/org.mockito/mockito-core/latest/org/mockito/Mockito.html#0.3
WARNING: A Java agent has been loaded dynamically (C:\Users\tahan\.m2\repository\net\bytebuddy\byte-buddy-agent\1.15.11\byte-buddy-agent-1.15.11.jar)
WARNING: If a serviceability tool is in use, please run with -XX:+EnableDynamicAgentLoading to hide this warning
WARNING: If a serviceability tool is not in use, please run with -Djdk.instrument.traceUsage for more information
WARNING: Dynamic loading of agents will be disallowed by default in a future release
]]></system-err>
  </testcase>
</testsuite>